=== portraits (35) ===
OK  assets/portraits/e_thunder_leader.jpg (67KB)
  retry 1 assets/portraits/e_thunder_a.jpg: The read operation timed out
OK  assets/portraits/e_thunder_a.jpg (58KB)
  retry 1 assets/portraits/e_thunder_b.jpg: The read operation timed out
OK  assets/portraits/e_thunder_b.jpg (60KB)
  retry 1 assets/portraits/e_thunder_c.jpg: The read operation timed out
OK  assets/portraits/e_thunder_c.jpg (54KB)
  retry 1 assets/portraits/e_thunder_d.jpg: The read operation timed out
OK  assets/portraits/e_thunder_d.jpg (55KB)
  retry 1 assets/portraits/e_luoxia_leader.jpg: The read operation timed out
OK  assets/portraits/e_luoxia_leader.jpg (47KB)
  retry 1 assets/portraits/e_luoxia_a.jpg: The read operation timed out
OK  assets/portraits/e_luoxia_a.jpg (46KB)
  retry 1 assets/portraits/e_luoxia_b.jpg: The read operation timed out
OK  assets/portraits/e_luoxia_b.jpg (46KB)
  retry 1 assets/portraits/e_luoxia_c.jpg: The read operation timed out
OK  assets/portraits/e_luoxia_c.jpg (37KB)
  retry 1 assets/portraits/e_luoxia_d.jpg: The read operation timed out
OK  assets/portraits/e_luoxia_d.jpg (54KB)
  retry 1 assets/portraits/e_xuanyin_leader.jpg: The read operation timed out
OK  assets/portraits/e_xuanyin_leader.jpg (33KB)
  retry 1 assets/portraits/e_xuanyin_a.jpg: The read operation timed out
OK  assets/portraits/e_xuanyin_a.jpg (46KB)
  retry 1 assets/portraits/e_xuanyin_b.jpg: The read operation timed out
OK  assets/portraits/e_xuanyin_b.jpg (45KB)
  retry 1 assets/portraits/e_xuanyin_c.jpg: HTTP Error 502: Bad Gateway
OK  assets/portraits/e_xuanyin_c.jpg (39KB)
  retry 1 assets/portraits/e_xuanyin_d.jpg: The read operation timed out
OK  assets/portraits/e_xuanyin_d.jpg (40KB)
